This is XeTeX, Version 3.141592653-2.6-0.999995 (TeX Live 2023) (preloaded format=xelatex 2023.4.2)  25 JUN 2023 22:17
entering extended mode
 restricted \write18 enabled.
 %&-line parsing enabled.
**macros.tex
(./macros.tex
LaTeX2e <2022-11-01> patch level 1
L3 programming layer <2023-02-22>

! LaTeX Error: \usepackage before \documentclass.

See the LaTeX manual or LaTeX Companion for explanation.
Type  H <return>  for immediate help.
 ...                                              
                                                  
l.1 \usepackage{
                scrextend}
\usepackage may only appear in the document preamble, i.e.,
between \documentclass and \begin{document}.

)
! Emergency stop.
<*> macros.tex
              
*** (job aborted, no legal \end found)

 
Here is how much of TeX's memory you used:
 35 strings out of 476683
 379 string characters out of 5805371
 1842012 words of memory out of 5000000
 20383 multiletter control sequences out of 15000+600000
 512287 words of font info for 32 fonts, out of 8000000 for 9000
 1348 hyphenation exceptions out of 8191
 12i,0n,12p,68b,14s stack positions out of 10000i,1000n,20000p,200000b,200000s
No pages of output.
